\BOOKMARK [1][-]{section.1}{\376\377\000A\000d\000d\000r\000e\000s\000s\000R\000e\000p\000o\000s\000i\000t\000o\000r\000y}{}% 1
\BOOKMARK [1][-]{section.2}{\376\377\000G\000a\000r\000b\000a\000g\000e\000P\000a\000c\000k}{}% 2
\BOOKMARK [1][-]{section.3}{\376\377\000G\000a\000r\000b\000a\000g\000e\000T\000y\000p\000e}{}% 3
\BOOKMARK [1][-]{section.4}{\376\377\000G\000l\000a\000s\000s}{}% 4
\BOOKMARK [1][-]{section.5}{\376\377\000M\000e\000t\000a\000l}{}% 5
\BOOKMARK [1][-]{section.6}{\376\377\000P\000a\000p\000e\000r}{}% 6
\BOOKMARK [1][-]{section.7}{\376\377\000P\000l\000a\000s\000t\000i\000c}{}% 7
\BOOKMARK [1][-]{section.8}{\376\377\000G\000a\000r\000b\000a\000g\000e\000S\000o\000r\000t\000e\000r}{}% 8
\BOOKMARK [1][-]{section.9}{\376\377\000G\000a\000r\000b\000a\000g\000e\000S\000o\000r\000t\000i\000n\000g\000C\000o\000n\000t\000r\000o\000l\000l\000e\000r}{}% 9
\BOOKMARK [1][-]{section.10}{\376\377\000G\000a\000r\000b\000a\000g\000e\000S\000o\000r\000t\000i\000n\000g\000S\000y\000s\000t\000e\000m}{}% 10
\BOOKMARK [1][-]{section.11}{\376\377\000G\000a\000r\000b\000a\000g\000e\000T\000r\000u\000c\000k}{}% 11
\BOOKMARK [1][-]{section.12}{\376\377\000R\000e\000c\000y\000c\000l\000i\000n\000g\000P\000l\000a\000n\000t}{}% 12
\BOOKMARK [1][-]{section.13}{\376\377\000G\000a\000r\000b\000a\000g\000e\000S\000o\000r\000t\000i\000n\000g\000T\000e\000s\000t}{}% 13
\BOOKMARK [1][-]{section.14}{\376\377\000G\000a\000r\000b\000a\000g\000e\000T\000r\000u\000c\000k\000T\000e\000s\000t}{}% 14
\BOOKMARK [1][-]{section.15}{\376\377\000T\000R\000u\000n\000n\000e\000r}{}% 15
\BOOKMARK [1][-]{section.16}{\376\377\000T\000e\000s\000t}{}% 16
\BOOKMARK [1][-]{section.17}{\376\377\000T\000e\000s\000t\000C\000a\000s\000e}{}% 17
\BOOKMARK [1][-]{section.18}{\376\377\000T\000e\000s\000t\000R\000e\000s\000u\000l\000t}{}% 18
\BOOKMARK [1][-]{section.19}{\376\377\000T\000e\000s\000t\000S\000u\000i\000t\000e}{}% 19
\BOOKMARK [1][-]{section.20}{\376\377\000E\000n\000v\000i\000r\000o\000n\000m\000e\000n\000t}{}% 20
\BOOKMARK [1][-]{section.21}{\376\377\000G\000L\000O\000B\000A\000L}{}% 21
\BOOKMARK [1][-]{section.22}{\376\377\000T\000i\000m\000e\000r}{}% 22
\BOOKMARK [1][-]{section.23}{\376\377\000W\000o\000r\000l\000d}{}% 23
